// GENERATED BY PARAMORPH //

// CONFIG //
const config = {
  "title": "Test"
};

// PARAMORPH //
const paramorph = new Paramorph(config);

// LAYOUTS //
paramorph.addLayout(
  new Layout(
    "default",
    "./_layouts/default.ts",
  )
);

// INCLUDES //
paramorph.addInclude(
  new Include(
    "BreadCrumbs",
    "./_includes/BreadCrumbs/index.ts",
  )
);

// COLLECTIONS //
paramorph.addCollection(
  new Collection(
    "pages",
    "Pages",
    "./_pages",
    undefined,
    undefined,
  )
);
paramorph.addCollection(
  new Collection(
    "posts",
    "Posts",
    "./_posts",
    undefined,
    undefined,
  )
);

// PAGES //
paramorph.addPage(
  new Page(
    "/",
    "Home",
    "This is a test page",
    "http://some.address/image.jpg",
    "Pages",
    "default",
    "./index.markdown",
    true,
    false,
    ["Do It Yourself!"],
    ["exciting"],
    0,
  )
);

// CATEGORIES //
paramorph.addPage(
  new Category(
    "/diy",
    "Do It Yourself!",
    "Yes, you can!",
    "http://some.address/diy.jpg",
    "Posts",
    "default",
    "./diy.markdown",
    true,
    true,
    [],
    [],
    1,
  )
);

// PAGES IN CATEGORIES //
paramorph.categories["Do It Yourself!"].pages.push(paramorph.pages["/"]);

// TAGS //
paramorph.addPage(
  new Tag(
    "exciting",
    "This is an exciting tag.",
    "http://some.address/exciting.jpg",
    "default",
    "./tag.markdown",
    true,
    2,
  )
);

// PAGES IN TAGS //
paramorph.tags["exciting"].pages.push(paramorph.pages["/"]);

// LAYOUT LOADERS //
paramorph.addLayoutLoader("default", () => import("@website/_layouts/default.ts"));

// INCLUDE LOADERS //
paramorph.addIncludeLoader("BreadCrumbs", () => import("@website/_includes/BreadCrumbs/index.ts"));

// PAGE LOADERS //
paramorph.addPageLoader("/", () => import("@website/index.markdown"));
paramorph.addPageLoader("/diy", () => import("@website/diy.markdown"));
paramorph.addPageLoader("/tags/exciting", () => import("@website/tag.markdown"));

