// GENERATED BY PARAMORPH //

// CONFIG //
const config = {
  "title": "Test"
};

// PARAMORPH //
const paramorph = new Paramorph(config);

// LAYOUTS //
paramorph.addLayout(
  new Layout(
    "default",
    "./_layouts/default.ts",
  )
);

// INCLUDES //
paramorph.addInclude(
  new Include(
    "BreadCrumbs",
    "./_includes/BreadCrumbs/index.ts",
  )
);

// PAGES //
paramorph.addPage(
  new Page(
    "/",
    "Home",
    "This is a test page",
    "http://some.address/image.jpg",
    "pages",
    "default",
    "/index.markdown",
    true,
    false,
    ["diy"],
    ["exciting"],
    0,
  )
);

// CATEGORIES //
paramorph.addPage(
  new Category(
    "/diy",
    "Do It Yourself!",
    "Yes, you can!",
    "http://some.address/diy.jpg",
    "posts",
    "default",
    "/diy.markdown",
    true,
    true,
    [],
    [],
    1,
  )
);

// TAGS //
paramorph.addPage(
  new Tag(
    "exciting",
    "This is an exciting tag.",
    "http://some.address/exciting.jpg",
    "default",
    "/tag.markdown",
    true,
    2,
  )
);

